0 info it worked if it ends with ok
1 verbose cli [ 'C:\\Program Files\\nodejs\\node.exe',
1 verbose cli   'C:\\Program Files\\nodejs\\node_modules\\npm\\bin\\npm-cli.js',
1 verbose cli   'start' ]
2 info using npm@3.10.10
3 info using node@v6.10.0
4 verbose run-script [ 'prestart', 'start', 'poststart' ]
5 info lifecycle luanvan@0.0.0~prestart: luanvan@0.0.0
6 silly lifecycle luanvan@0.0.0~prestart: no script for prestart, continuing
7 info lifecycle luanvan@0.0.0~start: luanvan@0.0.0
8 verbose lifecycle luanvan@0.0.0~start: unsafe-perm in lifecycle true
9 verbose lifecycle luanvan@0.0.0~start: PATH: C:\Program Files\nodejs\node_modules\npm\bin\node-gyp-bin;C:\Users\User\Desktop\Nguyen-Quoc-Bao-luan-van\node_modules\.bin;F:\DevSuiteHome_1\jdk\jre\bin\classic;F:\DevSuiteHome_1\jdk\jre\bin;F:\DevSuiteHome_1\jdk\jre\bin\client;F:\DevSuiteHome_1\jlib;F:\DevSuiteHome_1\bin;F:\DevSuiteHome_1\jre\1.4.2\bin\client;F:\DevSuiteHome_1\jre\1.4.2\bin;C:\Program Files (x86)\NVIDIA Corporation\PhysX\Common;C:\Program Files (x86)\Intel\iCLS Client\;C:\Program Files\Intel\iCLS Client\;C:\Windows\system32;C:\Windows;C:\Windows\System32\Wbem;C:\Windows\System32\WindowsPowerShell\v1.0\;C:\Program Files\Microsoft SQL Server\Client SDK\ODBC\110\Tools\Binn\;C:\Program Files (x86)\Microsoft SQL Server\120\Tools\Binn\;C:\Program Files\Microsoft SQL Server\120\Tools\Binn\;C:\Program Files\Microsoft SQL Server\120\DTS\Binn\;C:\Program Files (x86)\Microsoft SQL Server\120\Tools\Binn\ManagementStudio\;C:\Program Files (x86)\Microsoft SQL Server\120\DTS\Binn\;C:\Program Files (x86)\Microsoft SQL Server\100\Tools\Binn\;C:\Program Files\Microsoft SQL Server\100\Tools\Binn\;C:\Program Files\Microsoft SQL Server\100\DTS\Binn\;C:\Program Files (x86)\Skype\Phone\;C:\Program Files\Git\cmd;E:\Microsoft VS Code\bin;C:\Users\User\AppData\Roaming\npm;C:\Program Files\MongoDB\Server\3.4\bin;C:\Program Files\nodejs\;C:\data\db;C:\Program Files\Heroku\bin
10 verbose lifecycle luanvan@0.0.0~start: CWD: C:\Users\User\Desktop\Nguyen-Quoc-Bao-luan-van
11 silly lifecycle luanvan@0.0.0~start: Args: [ '/d /s /c', 'node ./bin/www' ]
12 verbose stack Error: kill ENOSYS
12 verbose stack     at exports._errnoException (util.js:1022:11)
12 verbose stack     at process.kill (internal/process.js:172:13)
12 verbose stack     at process.listener (C:\Program Files\nodejs\node_modules\npm\node_modules\npmlog\node_modules\gauge\node_modules\signal-exit\index.js:86:15)
12 verbose stack     at emitNone (events.js:91:20)
12 verbose stack     at process.emit (events.js:185:7)
12 verbose stack     at processEmit (C:\Program Files\nodejs\node_modules\npm\node_modules\npmlog\node_modules\gauge\node_modules\signal-exit\index.js:146:32)
12 verbose stack     at processEmit (C:\Program Files\nodejs\node_modules\npm\node_modules\npm-registry-client\node_modules\npmlog\node_modules\gauge\node_modules\signal-exit\index.js:146:32)
12 verbose stack     at Signal.wrap.onsignal (internal/process.js:199:44)
13 verbose cwd C:\Users\User\Desktop\Nguyen-Quoc-Bao-luan-van
14 error Windows_NT 6.3.9600
15 error argv "C:\\Program Files\\nodejs\\node.exe" "C:\\Program Files\\nodejs\\node_modules\\npm\\bin\\npm-cli.js" "start"
16 error node v6.10.0
17 error npm  v3.10.10
18 error code ENOSYS
19 error errno ENOSYS
20 error syscall kill
21 error kill ENOSYS
22 error If you need help, you may report this error at:
22 error     <https://github.com/npm/npm/issues>
23 verbose exit [ 1, true ]
